<?xml version="1.0" encoding="UTF-8"?>
<!-- Generated by org.testng.reporters.JUnitReportReporter -->
<testsuite skipped="0" hostname="MacBook-Pro-2.local" name="rest.Get_01" tests="1" failures="0" timestamp="05 May 2020 23:02:40 GMT" time="1.280" errors="0">
  <testcase name="getTest01" time="1.280" classname="rest.Get_01"/>
</testsuite> <!-- rest.Get_01 -->
